<?xml version="1.0" encoding="UTF-8"?>
<testsuite name="ru.stqa.learn.sandbox.SquareTests" tests="1" skipped="0" failures="0" errors="0" timestamp="2020-10-26T19:26:08" hostname="DESKTOP-Q9K77GK" time="0.015">
  <properties/>
  <testcase name="testArea" classname="ru.stqa.learn.sandbox.SquareTests" time="0.015"/>
  <system-out><![CDATA[]]></system-out>
  <system-err><![CDATA[]]></system-err>
</testsuite>
